#=============================================================================#
#          dieharder version 3.29.5beta Copyright 2003 Robert G. Brown        #
#=============================================================================#
   rng_name    |rands/second|   Seed   |
        AES_OFB|  2.71e+07  |2814800335|
#=============================================================================#
        test_name   |ntup| tsamples |psamples|  p-value |Assessment
#=============================================================================#
   diehard_birthdays|   0|       100|     100|0.43455890|  PASSED  
   diehard_birthdays|   0|       100|     200|0.78583766|  PASSED  
   diehard_birthdays|   0|       100|     300|0.97495528|  PASSED  
   diehard_birthdays|   0|       100|     400|0.62611044|  PASSED  
   diehard_birthdays|   0|       100|     500|0.64836957|  PASSED  
   diehard_birthdays|   0|       100|     600|0.65699322|  PASSED  
   diehard_birthdays|   0|       100|     700|0.65537546|  PASSED  
   diehard_birthdays|   0|       100|     800|0.64803448|  PASSED  
   diehard_birthdays|   0|       100|     900|0.61058813|  PASSED  
   diehard_birthdays|   0|       100|    1000|0.46655437|  PASSED  
   diehard_birthdays|   0|       100|    1100|0.84027583|  PASSED  
   diehard_birthdays|   0|       100|    1200|0.91056950|  PASSED  
   diehard_birthdays|   0|       100|    1300|0.68049671|  PASSED  
   diehard_birthdays|   0|       100|    1400|0.44370866|  PASSED  
   diehard_birthdays|   0|       100|    1500|0.83713492|  PASSED  
   diehard_birthdays|   0|       100|    1600|0.78327145|  PASSED  
   diehard_birthdays|   0|       100|    1700|0.59693203|  PASSED  
   diehard_birthdays|   0|       100|    1800|0.77241754|  PASSED  
   diehard_birthdays|   0|       100|    1900|0.84603240|  PASSED  
   diehard_birthdays|   0|       100|    2000|0.92717176|  PASSED  
   diehard_birthdays|   0|       100|    2100|0.93875289|  PASSED  
   diehard_birthdays|   0|       100|    2200|0.93602691|  PASSED  
   diehard_birthdays|   0|       100|    2300|0.84698715|  PASSED  
   diehard_birthdays|   0|       100|    2400|0.90175049|  PASSED  
   diehard_birthdays|   0|       100|    2500|0.93366286|  PASSED  
   diehard_birthdays|   0|       100|    2600|0.80615635|  PASSED  
   diehard_birthdays|   0|       100|    2700|0.58407204|  PASSED  
   diehard_birthdays|   0|       100|    2800|0.38442284|  PASSED  
   diehard_birthdays|   0|       100|    2900|0.31800243|  PASSED  
   diehard_birthdays|   0|       100|    3000|0.32345746|  PASSED  
   diehard_birthdays|   0|       100|    3100|0.39923776|  PASSED  
   diehard_birthdays|   0|       100|    3200|0.35551776|  PASSED  
   diehard_birthdays|   0|       100|    3300|0.27614281|  PASSED  
   diehard_birthdays|   0|       100|    3400|0.21196355|  PASSED  
   diehard_birthdays|   0|       100|    3500|0.10868234|  PASSED  
   diehard_birthdays|   0|       100|    3600|0.14147466|  PASSED  
   diehard_birthdays|   0|       100|    3700|0.12457635|  PASSED  
   diehard_birthdays|   0|       100|    3800|0.14838382|  PASSED  
   diehard_birthdays|   0|       100|    3900|0.13166320|  PASSED  
   diehard_birthdays|   0|       100|    4000|0.17779210|  PASSED  
   diehard_birthdays|   0|       100|    4100|0.23546604|  PASSED  
   diehard_birthdays|   0|       100|    4200|0.26956770|  PASSED  
   diehard_birthdays|   0|       100|    4300|0.17374222|  PASSED  
   diehard_birthdays|   0|       100|    4400|0.15393525|  PASSED  
   diehard_birthdays|   0|       100|    4500|0.15616645|  PASSED  
   diehard_birthdays|   0|       100|    4600|0.11235890|  PASSED  
   diehard_birthdays|   0|       100|    4700|0.10654978|  PASSED  
   diehard_birthdays|   0|       100|    4800|0.10837566|  PASSED  
   diehard_birthdays|   0|       100|    4900|0.11012013|  PASSED  
   diehard_birthdays|   0|       100|    5000|0.11977774|  PASSED  
   diehard_birthdays|   0|       100|    5100|0.13838609|  PASSED  
   diehard_birthdays|   0|       100|    5200|0.20251335|  PASSED  
   diehard_birthdays|   0|       100|    5300|0.21595838|  PASSED  
   diehard_birthdays|   0|       100|    5400|0.36677099|  PASSED  
   diehard_birthdays|   0|       100|    5500|0.27173319|  PASSED  
   diehard_birthdays|   0|       100|    5600|0.40550449|  PASSED  
   diehard_birthdays|   0|       100|    5700|0.40074815|  PASSED  
   diehard_birthdays|   0|       100|    5800|0.45020551|  PASSED  
   diehard_birthdays|   0|       100|    5900|0.51797003|  PASSED  
   diehard_birthdays|   0|       100|    6000|0.53361305|  PASSED  
   diehard_birthdays|   0|       100|    6100|0.44455529|  PASSED  
   diehard_birthdays|   0|       100|    6200|0.51430518|  PASSED  
   diehard_birthdays|   0|       100|    6300|0.60801906|  PASSED  
   diehard_birthdays|   0|       100|    6400|0.43845995|  PASSED  
   diehard_birthdays|   0|       100|    6500|0.58670026|  PASSED  
   diehard_birthdays|   0|       100|    6600|0.61740300|  PASSED  
   diehard_birthdays|   0|       100|    6700|0.64800687|  PASSED  
   diehard_birthdays|   0|       100|    6800|0.53967857|  PASSED  
   diehard_birthdays|   0|       100|    6900|0.58536858|  PASSED  
   diehard_birthdays|   0|       100|    7000|0.59484735|  PASSED  
   diehard_birthdays|   0|       100|    7100|0.61867885|  PASSED  
   diehard_birthdays|   0|       100|    7200|0.74954843|  PASSED  
   diehard_birthdays|   0|       100|    7300|0.58474847|  PASSED  
   diehard_birthdays|   0|       100|    7400|0.51591837|  PASSED  
   diehard_birthdays|   0|       100|    7500|0.54355709|  PASSED  
   diehard_birthdays|   0|       100|    7600|0.53370713|  PASSED  
   diehard_birthdays|   0|       100|    7700|0.48793109|  PASSED  
   diehard_birthdays|   0|       100|    7800|0.41165879|  PASSED  
   diehard_birthdays|   0|       100|    7900|0.43624035|  PASSED  
   diehard_birthdays|   0|       100|    8000|0.33708455|  PASSED  
   diehard_birthdays|   0|       100|    8100|0.31710071|  PASSED  
   diehard_birthdays|   0|       100|    8200|0.38132802|  PASSED  
   diehard_birthdays|   0|       100|    8300|0.28015668|  PASSED  
   diehard_birthdays|   0|       100|    8400|0.32523361|  PASSED  
   diehard_birthdays|   0|       100|    8500|0.43534335|  PASSED  
   diehard_birthdays|   0|       100|    8600|0.32593797|  PASSED  
   diehard_birthdays|   0|       100|    8700|0.27071262|  PASSED  
   diehard_birthdays|   0|       100|    8800|0.27700827|  PASSED  
   diehard_birthdays|   0|       100|    8900|0.22873362|  PASSED  
   diehard_birthdays|   0|       100|    9000|0.23439473|  PASSED  
   diehard_birthdays|   0|       100|    9100|0.28402499|  PASSED  
   diehard_birthdays|   0|       100|    9200|0.13611080|  PASSED  
   diehard_birthdays|   0|       100|    9300|0.12119853|  PASSED  
   diehard_birthdays|   0|       100|    9400|0.09261075|  PASSED  
   diehard_birthdays|   0|       100|    9500|0.10581931|  PASSED  
   diehard_birthdays|   0|       100|    9600|0.08934189|  PASSED  
   diehard_birthdays|   0|       100|    9700|0.11254976|  PASSED  
   diehard_birthdays|   0|       100|    9800|0.10521104|  PASSED  
   diehard_birthdays|   0|       100|    9900|0.08044020|  PASSED  
   diehard_birthdays|   0|       100|   10000|0.07900515|  PASSED  
   diehard_birthdays|   0|       100|   10100|0.05680418|  PASSED  
   diehard_birthdays|   0|       100|   10200|0.03814367|  PASSED  
   diehard_birthdays|   0|       100|   10300|0.06419092|  PASSED  
   diehard_birthdays|   0|       100|   10400|0.06986353|  PASSED  
   diehard_birthdays|   0|       100|   10500|0.06194495|  PASSED  
   diehard_birthdays|   0|       100|   10600|0.09068797|  PASSED  
   diehard_birthdays|   0|       100|   10700|0.08075792|  PASSED  
   diehard_birthdays|   0|       100|   10800|0.10078792|  PASSED  
   diehard_birthdays|   0|       100|   10900|0.11900889|  PASSED  
   diehard_birthdays|   0|       100|   11000|0.10652157|  PASSED  
   diehard_birthdays|   0|       100|   11100|0.09977852|  PASSED  
   diehard_birthdays|   0|       100|   11200|0.10253675|  PASSED  
   diehard_birthdays|   0|       100|   11300|0.17756714|  PASSED  
   diehard_birthdays|   0|       100|   11400|0.17413371|  PASSED  
   diehard_birthdays|   0|       100|   11500|0.12675069|  PASSED  
   diehard_birthdays|   0|       100|   11600|0.14770203|  PASSED  
   diehard_birthdays|   0|       100|   11700|0.16422391|  PASSED  
   diehard_birthdays|   0|       100|   11800|0.17479383|  PASSED  
   diehard_birthdays|   0|       100|   11900|0.17140918|  PASSED  
   diehard_birthdays|   0|       100|   12000|0.12015848|  PASSED  
   diehard_birthdays|   0|       100|   12100|0.11283599|  PASSED  
   diehard_birthdays|   0|       100|   12200|0.10593067|  PASSED  
   diehard_birthdays|   0|       100|   12300|0.10389891|  PASSED  
   diehard_birthdays|   0|       100|   12400|0.13741840|  PASSED  
   diehard_birthdays|   0|       100|   12500|0.15242727|  PASSED  
   diehard_birthdays|   0|       100|   12600|0.12675437|  PASSED  
   diehard_birthdays|   0|       100|   12700|0.10948096|  PASSED  
   diehard_birthdays|   0|       100|   12800|0.12189936|  PASSED  
   diehard_birthdays|   0|       100|   12900|0.08470100|  PASSED  
   diehard_birthdays|   0|       100|   13000|0.11241295|  PASSED  
   diehard_birthdays|   0|       100|   13100|0.13553931|  PASSED  
   diehard_birthdays|   0|       100|   13200|0.13323940|  PASSED  
   diehard_birthdays|   0|       100|   13300|0.13570623|  PASSED  
   diehard_birthdays|   0|       100|   13400|0.14413622|  PASSED  
   diehard_birthdays|   0|       100|   13500|0.13049415|  PASSED  
   diehard_birthdays|   0|       100|   13600|0.16201533|  PASSED  
   diehard_birthdays|   0|       100|   13700|0.20640055|  PASSED  
   diehard_birthdays|   0|       100|   13800|0.25915196|  PASSED  
   diehard_birthdays|   0|       100|   13900|0.20586372|  PASSED  
   diehard_birthdays|   0|       100|   14000|0.21690313|  PASSED  
   diehard_birthdays|   0|       100|   14100|0.22829202|  PASSED  
   diehard_birthdays|   0|       100|   14200|0.20134821|  PASSED  
   diehard_birthdays|   0|       100|   14300|0.19048893|  PASSED  
   diehard_birthdays|   0|       100|   14400|0.19369121|  PASSED  
   diehard_birthdays|   0|       100|   14500|0.29250328|  PASSED  
   diehard_birthdays|   0|       100|   14600|0.28314427|  PASSED  
   diehard_birthdays|   0|       100|   14700|0.27703730|  PASSED  
   diehard_birthdays|   0|       100|   14800|0.26956197|  PASSED  
   diehard_birthdays|   0|       100|   14900|0.34166034|  PASSED  
   diehard_birthdays|   0|       100|   15000|0.23673732|  PASSED  
   diehard_birthdays|   0|       100|   15100|0.24922176|  PASSED  
   diehard_birthdays|   0|       100|   15200|0.26208818|  PASSED  
   diehard_birthdays|   0|       100|   15300|0.23385059|  PASSED  
   diehard_birthdays|   0|       100|   15400|0.21532296|  PASSED  
   diehard_birthdays|   0|       100|   15500|0.17836501|  PASSED  
   diehard_birthdays|   0|       100|   15600|0.19502993|  PASSED  
   diehard_birthdays|   0|       100|   15700|0.20567483|  PASSED  
   diehard_birthdays|   0|       100|   15800|0.20952591|  PASSED  
   diehard_birthdays|   0|       100|   15900|0.15625561|  PASSED  
   diehard_birthdays|   0|       100|   16000|0.12357400|  PASSED  
   diehard_birthdays|   0|       100|   16100|0.17450967|  PASSED  
   diehard_birthdays|   0|       100|   16200|0.13389356|  PASSED  
   diehard_birthdays|   0|       100|   16300|0.18134489|  PASSED  
   diehard_birthdays|   0|       100|   16400|0.19116833|  PASSED  
   diehard_birthdays|   0|       100|   16500|0.28588575|  PASSED  
   diehard_birthdays|   0|       100|   16600|0.21886266|  PASSED  
   diehard_birthdays|   0|       100|   16700|0.24405066|  PASSED  
   diehard_birthdays|   0|       100|   16800|0.23725556|  PASSED  
   diehard_birthdays|   0|       100|   16900|0.20236133|  PASSED  
   diehard_birthdays|   0|       100|   17000|0.24167188|  PASSED  
   diehard_birthdays|   0|       100|   17100|0.23804648|  PASSED  
   diehard_birthdays|   0|       100|   17200|0.22718937|  PASSED  
   diehard_birthdays|   0|       100|   17300|0.26451072|  PASSED  
   diehard_birthdays|   0|       100|   17400|0.23473580|  PASSED  
   diehard_birthdays|   0|       100|   17500|0.24067344|  PASSED  
   diehard_birthdays|   0|       100|   17600|0.23602052|  PASSED  
   diehard_birthdays|   0|       100|   17700|0.30083090|  PASSED  
   diehard_birthdays|   0|       100|   17800|0.35376747|  PASSED  
   diehard_birthdays|   0|       100|   17900|0.36722648|  PASSED  
   diehard_birthdays|   0|       100|   18000|0.37772529|  PASSED  
   diehard_birthdays|   0|       100|   18100|0.33607413|  PASSED  
   diehard_birthdays|   0|       100|   18200|0.28702976|  PASSED  
   diehard_birthdays|   0|       100|   18300|0.26351354|  PASSED  
   diehard_birthdays|   0|       100|   18400|0.24154519|  PASSED  
   diehard_birthdays|   0|       100|   18500|0.25708276|  PASSED  
   diehard_birthdays|   0|       100|   18600|0.26539279|  PASSED  
   diehard_birthdays|   0|       100|   18700|0.22923326|  PASSED  
   diehard_birthdays|   0|       100|   18800|0.27047400|  PASSED  
   diehard_birthdays|   0|       100|   18900|0.25201997|  PASSED  
   diehard_birthdays|   0|       100|   19000|0.27957095|  PASSED  
   diehard_birthdays|   0|       100|   19100|0.30058765|  PASSED  
   diehard_birthdays|   0|       100|   19200|0.30533266|  PASSED  
   diehard_birthdays|   0|       100|   19300|0.31009682|  PASSED  
   diehard_birthdays|   0|       100|   19400|0.30637129|  PASSED  
   diehard_birthdays|   0|       100|   19500|0.31968007|  PASSED  
   diehard_birthdays|   0|       100|   19600|0.36066037|  PASSED  
   diehard_birthdays|   0|       100|   19700|0.33819994|  PASSED  
   diehard_birthdays|   0|       100|   19800|0.37084672|  PASSED  
   diehard_birthdays|   0|       100|   19900|0.48952241|  PASSED  
   diehard_birthdays|   0|       100|   20000|0.48411908|  PASSED  
   diehard_birthdays|   0|       100|   20100|0.46045451|  PASSED  
   diehard_birthdays|   0|       100|   20200|0.39467152|  PASSED  
   diehard_birthdays|   0|       100|   20300|0.41012452|  PASSED  
   diehard_birthdays|   0|       100|   20400|0.40164756|  PASSED  
   diehard_birthdays|   0|       100|   20500|0.33668425|  PASSED  
   diehard_birthdays|   0|       100|   20600|0.40711010|  PASSED  
   diehard_birthdays|   0|       100|   20700|0.39751692|  PASSED  
   diehard_birthdays|   0|       100|   20800|0.43839827|  PASSED  
   diehard_birthdays|   0|       100|   20900|0.38491926|  PASSED  
   diehard_birthdays|   0|       100|   21000|0.39985547|  PASSED  
   diehard_birthdays|   0|       100|   21100|0.41505416|  PASSED  
   diehard_birthdays|   0|       100|   21200|0.44058333|  PASSED  
   diehard_birthdays|   0|       100|   21300|0.43605808|  PASSED  
   diehard_birthdays|   0|       100|   21400|0.44161984|  PASSED  
   diehard_birthdays|   0|       100|   21500|0.46774180|  PASSED  
   diehard_birthdays|   0|       100|   21600|0.46301780|  PASSED  
   diehard_birthdays|   0|       100|   21700|0.44541218|  PASSED  
   diehard_birthdays|   0|       100|   21800|0.39852994|  PASSED  
   diehard_birthdays|   0|       100|   21900|0.38184598|  PASSED  
   diehard_birthdays|   0|       100|   22000|0.40240665|  PASSED  
   diehard_birthdays|   0|       100|   22100|0.40433042|  PASSED  
   diehard_birthdays|   0|       100|   22200|0.36945040|  PASSED  
   diehard_birthdays|   0|       100|   22300|0.40814894|  PASSED  
   diehard_birthdays|   0|       100|   22400|0.41958250|  PASSED  
   diehard_birthdays|   0|       100|   22500|0.41192898|  PASSED  
   diehard_birthdays|   0|       100|   22600|0.40438520|  PASSED  
   diehard_birthdays|   0|       100|   22700|0.37875035|  PASSED  
   diehard_birthdays|   0|       100|   22800|0.33738034|  PASSED  
   diehard_birthdays|   0|       100|   22900|0.32280650|  PASSED  
   diehard_birthdays|   0|       100|   23000|0.34093395|  PASSED  
   diehard_birthdays|   0|       100|   23100|0.33443274|  PASSED  
   diehard_birthdays|   0|       100|   23200|0.34445878|  PASSED  
   diehard_birthdays|   0|       100|   23300|0.35463167|  PASSED  
   diehard_birthdays|   0|       100|   23400|0.40049239|  PASSED  
   diehard_birthdays|   0|       100|   23500|0.38423302|  PASSED  
   diehard_birthdays|   0|       100|   23600|0.39495743|  PASSED  
   diehard_birthdays|   0|       100|   23700|0.40580942|  PASSED  
   diehard_birthdays|   0|       100|   23800|0.34652468|  PASSED  
   diehard_birthdays|   0|       100|   23900|0.37364648|  PASSED  
   diehard_birthdays|   0|       100|   24000|0.36675387|  PASSED  
   diehard_birthdays|   0|       100|   24100|0.32728660|  PASSED  
   diehard_birthdays|   0|       100|   24200|0.31335087|  PASSED  
   diehard_birthdays|   0|       100|   24300|0.31497300|  PASSED  
   diehard_birthdays|   0|       100|   24400|0.34022507|  PASSED  
   diehard_birthdays|   0|       100|   24500|0.31056629|  PASSED  
   diehard_birthdays|   0|       100|   24600|0.31980460|  PASSED  
   diehard_birthdays|   0|       100|   24700|0.30621905|  PASSED  
   diehard_birthdays|   0|       100|   24800|0.27889090|  PASSED  
   diehard_birthdays|   0|       100|   24900|0.24702575|  PASSED  
   diehard_birthdays|   0|       100|   25000|0.21232348|  PASSED  
   diehard_birthdays|   0|       100|   25100|0.18666012|  PASSED  
   diehard_birthdays|   0|       100|   25200|0.16822930|  PASSED  
   diehard_birthdays|   0|       100|   25300|0.17420216|  PASSED  
   diehard_birthdays|   0|       100|   25400|0.19044047|  PASSED  
   diehard_birthdays|   0|       100|   25500|0.17180332|  PASSED  
   diehard_birthdays|   0|       100|   25600|0.17782224|  PASSED  
   diehard_birthdays|   0|       100|   25700|0.15581977|  PASSED  
   diehard_birthdays|   0|       100|   25800|0.15258339|  PASSED  
   diehard_birthdays|   0|       100|   25900|0.15805818|  PASSED  
   diehard_birthdays|   0|       100|   26000|0.13427567|  PASSED  
   diehard_birthdays|   0|       100|   26100|0.12770085|  PASSED  
   diehard_birthdays|   0|       100|   26200|0.12500628|  PASSED  
   diehard_birthdays|   0|       100|   26300|0.14129521|  PASSED  
   diehard_birthdays|   0|       100|   26400|0.12331954|  PASSED  
   diehard_birthdays|   0|       100|   26500|0.11385343|  PASSED  
   diehard_birthdays|   0|       100|   26600|0.10819052|  PASSED  
   diehard_birthdays|   0|       100|   26700|0.10278040|  PASSED  
   diehard_birthdays|   0|       100|   26800|0.09761377|  PASSED  
   diehard_birthdays|   0|       100|   26900|0.08991426|  PASSED  
   diehard_birthdays|   0|       100|   27000|0.08275424|  PASSED  
   diehard_birthdays|   0|       100|   27100|0.07149489|  PASSED  
   diehard_birthdays|   0|       100|   27200|0.06776172|  PASSED  
   diehard_birthdays|   0|       100|   27300|0.06420723|  PASSED  
   diehard_birthdays|   0|       100|   27400|0.08831368|  PASSED  
   diehard_birthdays|   0|       100|   27500|0.07886641|  PASSED  
   diehard_birthdays|   0|       100|   27600|0.07715740|  PASSED  
   diehard_birthdays|   0|       100|   27700|0.07319083|  PASSED  
   diehard_birthdays|   0|       100|   27800|0.06941049|  PASSED  
   diehard_birthdays|   0|       100|   27900|0.06377584|  PASSED  
   diehard_birthdays|   0|       100|   28000|0.06851578|  PASSED  
   diehard_birthdays|   0|       100|   28100|0.07581810|  PASSED  
   diehard_birthdays|   0|       100|   28200|0.06354552|  PASSED  
   diehard_birthdays|   0|       100|   28300|0.06023385|  PASSED  
   diehard_birthdays|   0|       100|   28400|0.05529742|  PASSED  
   diehard_birthdays|   0|       100|   28500|0.05407986|  PASSED  
   diehard_birthdays|   0|       100|   28600|0.04960583|  PASSED  
   diehard_birthdays|   0|       100|   28700|0.04401141|  PASSED  
   diehard_birthdays|   0|       100|   28800|0.04445832|  PASSED  
   diehard_birthdays|   0|       100|   28900|0.04638396|  PASSED  
   diehard_birthdays|   0|       100|   29000|0.03980837|  PASSED  
   diehard_birthdays|   0|       100|   29100|0.03523667|  PASSED  
   diehard_birthdays|   0|       100|   29200|0.03221250|  PASSED  
   diehard_birthdays|   0|       100|   29300|0.03044185|  PASSED  
   diehard_birthdays|   0|       100|   29400|0.02779905|  PASSED  
   diehard_birthdays|   0|       100|   29500|0.02625535|  PASSED  
   diehard_birthdays|   0|       100|   29600|0.03592809|  PASSED  
   diehard_birthdays|   0|       100|   29700|0.02972949|  PASSED  
   diehard_birthdays|   0|       100|   29800|0.02536490|  PASSED  
   diehard_birthdays|   0|       100|   29900|0.02478994|  PASSED  
   diehard_birthdays|   0|       100|   30000|0.02507233|  PASSED  
   diehard_birthdays|   0|       100|   30100|0.02287694|  PASSED  
   diehard_birthdays|   0|       100|   30200|0.02564091|  PASSED  
   diehard_birthdays|   0|       100|   30300|0.02868520|  PASSED  
   diehard_birthdays|   0|       100|   30400|0.03310435|  PASSED  
   diehard_birthdays|   0|       100|   30500|0.03570304|  PASSED  
   diehard_birthdays|   0|       100|   30600|0.02961731|  PASSED  
   diehard_birthdays|   0|       100|   30700|0.03093613|  PASSED  
   diehard_birthdays|   0|       100|   30800|0.02647529|  PASSED  
   diehard_birthdays|   0|       100|   30900|0.02260429|  PASSED  
   diehard_birthdays|   0|       100|   31000|0.02529759|  PASSED  
   diehard_birthdays|   0|       100|   31100|0.02921049|  PASSED  
   diehard_birthdays|   0|       100|   31200|0.02672526|  PASSED  
   diehard_birthdays|   0|       100|   31300|0.02208120|  PASSED  
   diehard_birthdays|   0|       100|   31400|0.02232710|  PASSED  
   diehard_birthdays|   0|       100|   31500|0.01903670|  PASSED  
   diehard_birthdays|   0|       100|   31600|0.01860457|  PASSED  
   diehard_birthdays|   0|       100|   31700|0.02084863|  PASSED  
   diehard_birthdays|   0|       100|   31800|0.01903351|  PASSED  
   diehard_birthdays|   0|       100|   31900|0.01511034|  PASSED  
   diehard_birthdays|   0|       100|   32000|0.01376207|  PASSED  
   diehard_birthdays|   0|       100|   32100|0.01716746|  PASSED  
   diehard_birthdays|   0|       100|   32200|0.01736518|  PASSED  
   diehard_birthdays|   0|       100|   32300|0.01756392|  PASSED  
   diehard_birthdays|   0|       100|   32400|0.01547872|  PASSED  
   diehard_birthdays|   0|       100|   32500|0.01565953|  PASSED  
   diehard_birthdays|   0|       100|   32600|0.01584130|  PASSED  
   diehard_birthdays|   0|       100|   32700|0.01836885|  PASSED  
   diehard_birthdays|   0|       100|   32800|0.01677215|  PASSED  
   diehard_birthdays|   0|       100|   32900|0.01428252|  PASSED  
   diehard_birthdays|   0|       100|   33000|0.01301802|  PASSED  
   diehard_birthdays|   0|       100|   33100|0.01066325|  PASSED  
   diehard_birthdays|   0|       100|   33200|0.00870582|  PASSED  
   diehard_birthdays|   0|       100|   33300|0.01092869|  PASSED  
   diehard_birthdays|   0|       100|   33400|0.01272842|  PASSED  
   diehard_birthdays|   0|       100|   33500|0.01380183|  PASSED  
   diehard_birthdays|   0|       100|   33600|0.01215468|  PASSED  
   diehard_birthdays|   0|       100|   33700|0.01318171|  PASSED  
   diehard_birthdays|   0|       100|   33800|0.01120740|  PASSED  
   diehard_birthdays|   0|       100|   33900|0.01348812|  PASSED  
   diehard_birthdays|   0|       100|   34000|0.01230279|  PASSED  
   diehard_birthdays|   0|       100|   34100|0.01121504|  PASSED  
   diehard_birthdays|   0|       100|   34200|0.01134804|  PASSED  
   diehard_birthdays|   0|       100|   34300|0.01148182|  PASSED  
   diehard_birthdays|   0|       100|   34400|0.01010453|  PASSED  
   diehard_birthdays|   0|       100|   34500|0.01135210|  PASSED  
   diehard_birthdays|   0|       100|   34600|0.01230369|  PASSED  
   diehard_birthdays|   0|       100|   34700|0.01378344|  PASSED  
   diehard_birthdays|   0|       100|   34800|0.01302209|  PASSED  
   diehard_birthdays|   0|       100|   34900|0.01035317|  PASSED  
   diehard_birthdays|   0|       100|   35000|0.01047485|  PASSED  
   diehard_birthdays|   0|       100|   35100|0.01059724|  PASSED  
   diehard_birthdays|   0|       100|   35200|0.01072034|  PASSED  
   diehard_birthdays|   0|       100|   35300|0.01201720|  PASSED  
   diehard_birthdays|   0|       100|   35400|0.01174538|  PASSED  
   diehard_birthdays|   0|       100|   35500|0.01187744|  PASSED  
   diehard_birthdays|   0|       100|   35600|0.01329021|  PASSED  
   diehard_birthdays|   0|       100|   35700|0.01343455|  PASSED  
   diehard_birthdays|   0|       100|   35800|0.01313253|  PASSED  
   diehard_birthdays|   0|       100|   35900|0.01241282|  PASSED  
   diehard_birthdays|   0|       100|   36000|0.01133982|  PASSED  
   diehard_birthdays|   0|       100|   36100|0.01108371|  PASSED  
   diehard_birthdays|   0|       100|   36200|0.01159259|  PASSED  
   diehard_birthdays|   0|       100|   36300|0.01171999|  PASSED  
   diehard_birthdays|   0|       100|   36400|0.00966600|  PASSED  
   diehard_birthdays|   0|       100|   36500|0.01046505|  PASSED  
   diehard_birthdays|   0|       100|   36600|0.00988636|  PASSED  
   diehard_birthdays|   0|       100|   36700|0.01034274|  PASSED  
   diehard_birthdays|   0|       100|   36800|0.01118678|  PASSED  
   diehard_birthdays|   0|       100|   36900|0.01169320|  PASSED  
   diehard_birthdays|   0|       100|   37000|0.01263058|  PASSED  
   diehard_birthdays|   0|       100|   37100|0.01363211|  PASSED  
   diehard_birthdays|   0|       100|   37200|0.01332810|  PASSED  
   diehard_birthdays|   0|       100|   37300|0.01533840|  PASSED  
   diehard_birthdays|   0|       100|   37400|0.01232690|  PASSED  
   diehard_birthdays|   0|       100|   37500|0.01330083|  PASSED  
   diehard_birthdays|   0|       100|   37600|0.01178188|  PASSED  
   diehard_birthdays|   0|       100|   37700|0.01313781|  PASSED  
   diehard_birthdays|   0|       100|   37800|0.01327170|  PASSED  
   diehard_birthdays|   0|       100|   37900|0.01215416|  PASSED  
   diehard_birthdays|   0|       100|   38000|0.01112463|  PASSED  
   diehard_birthdays|   0|       100|   38100|0.01124129|  PASSED  
   diehard_birthdays|   0|       100|   38200|0.01063239|  PASSED  
   diehard_birthdays|   0|       100|   38300|0.01005477|  PASSED  
   diehard_birthdays|   0|       100|   38400|0.00950693|  PASSED  
   diehard_birthdays|   0|       100|   38500|0.00898746|  PASSED  
   diehard_birthdays|   0|       100|   38600|0.00971140|  PASSED  
   diehard_birthdays|   0|       100|   38700|0.00949373|  PASSED  
   diehard_birthdays|   0|       100|   38800|0.00839450|  PASSED  
   diehard_birthdays|   0|       100|   38900|0.00741443|  PASSED  
   diehard_birthdays|   0|       100|   39000|0.00700449|  PASSED  
   diehard_birthdays|   0|       100|   39100|0.00639337|  PASSED  
   diehard_birthdays|   0|       100|   39200|0.00544217|  PASSED  
   diehard_birthdays|   0|       100|   39300|0.00430907|   WEAK   
   diehard_birthdays|   0|       100|   39400|0.00339849|   WEAK   
   diehard_birthdays|   0|       100|   39500|0.00332020|   WEAK   
   diehard_birthdays|   0|       100|   39600|0.00361249|   WEAK   
   diehard_birthdays|   0|       100|   39700|0.00436629|   WEAK   
   diehard_birthdays|   0|       100|   39800|0.00469701|   WEAK   
   diehard_birthdays|   0|       100|   39900|0.00414156|   WEAK   
   diehard_birthdays|   0|       100|   40000|0.00327777|   WEAK   
   diehard_birthdays|   0|       100|   40100|0.00344833|   WEAK   
   diehard_birthdays|   0|       100|   40200|0.00314185|   WEAK   
   diehard_birthdays|   0|       100|   40300|0.00275503|   WEAK   
   diehard_birthdays|   0|       100|   40400|0.00259564|   WEAK   
   diehard_birthdays|   0|       100|   40500|0.00235757|   WEAK   
   diehard_birthdays|   0|       100|   40600|0.00193762|   WEAK   
   diehard_birthdays|   0|       100|   40700|0.00204291|   WEAK   
   diehard_birthdays|   0|       100|   40800|0.00179063|   WEAK   
   diehard_birthdays|   0|       100|   40900|0.00181980|   WEAK   
   diehard_birthdays|   0|       100|   41000|0.00230413|   WEAK   
   diehard_birthdays|   0|       100|   41100|0.00225661|   WEAK   
   diehard_birthdays|   0|       100|   41200|0.00246385|   WEAK   
   diehard_birthdays|   0|       100|   41300|0.00250170|   WEAK   
   diehard_birthdays|   0|       100|   41400|0.00219832|   WEAK   
   diehard_birthdays|   0|       100|   41500|0.00179332|   WEAK   
   diehard_birthdays|   0|       100|   41600|0.00151462|   WEAK   
   diehard_birthdays|   0|       100|   41700|0.00148325|   WEAK   
   diehard_birthdays|   0|       100|   41800|0.00181279|   WEAK   
   diehard_birthdays|   0|       100|   41900|0.00171138|   WEAK   
   diehard_birthdays|   0|       100|   42000|0.00167601|   WEAK   
   diehard_birthdays|   0|       100|   42100|0.00176628|   WEAK   
   diehard_birthdays|   0|       100|   42200|0.00179418|   WEAK   
   diehard_birthdays|   0|       100|   42300|0.00234595|   WEAK   
   diehard_birthdays|   0|       100|   42400|0.00199001|   WEAK   
   diehard_birthdays|   0|       100|   42500|0.00181275|   WEAK   
   diehard_birthdays|   0|       100|   42600|0.00159129|   WEAK   
   diehard_birthdays|   0|       100|   42700|0.00161650|   WEAK   
   diehard_birthdays|   0|       100|   42800|0.00158313|   WEAK   
   diehard_birthdays|   0|       100|   42900|0.00230514|   WEAK   
   diehard_birthdays|   0|       100|   43000|0.00233944|   WEAK   
   diehard_birthdays|   0|       100|   43100|0.00314147|   WEAK   
   diehard_birthdays|   0|       100|   43200|0.00249555|   WEAK   
   diehard_birthdays|   0|       100|   43300|0.00219842|   WEAK   
   diehard_birthdays|   0|       100|   43400|0.00215333|   WEAK   
   diehard_birthdays|   0|       100|   43500|0.00218532|   WEAK   
   diehard_birthdays|   0|       100|   43600|0.00221765|   WEAK   
   diehard_birthdays|   0|       100|   43700|0.00204001|   WEAK   
   diehard_birthdays|   0|       100|   43800|0.00208319|   WEAK   
   diehard_birthdays|   0|       100|   43900|0.00198156|   WEAK   
   diehard_birthdays|   0|       100|   44000|0.00169307|   WEAK   
   diehard_birthdays|   0|       100|   44100|0.00185755|   WEAK   
   diehard_birthdays|   0|       100|   44200|0.00189702|   WEAK   
   diehard_birthdays|   0|       100|   44300|0.00156372|   WEAK   
   diehard_birthdays|   0|       100|   44400|0.00165581|   WEAK   
   diehard_birthdays|   0|       100|   44500|0.00141332|   WEAK   
   diehard_birthdays|   0|       100|   44600|0.00139297|   WEAK   
   diehard_birthdays|   0|       100|   44700|0.00142334|   WEAK   
   diehard_birthdays|   0|       100|   44800|0.00135313|   WEAK   
   diehard_birthdays|   0|       100|   44900|0.00119621|   WEAK   
   diehard_birthdays|   0|       100|   45000|0.00113682|   WEAK   
   diehard_birthdays|   0|       100|   45100|0.00134307|   WEAK   
   diehard_birthdays|   0|       100|   45200|0.00137220|   WEAK   
   diehard_birthdays|   0|       100|   45300|0.00150572|   WEAK   
   diehard_birthdays|   0|       100|   45400|0.00165088|   WEAK   
   diehard_birthdays|   0|       100|   45500|0.00126732|   WEAK   
   diehard_birthdays|   0|       100|   45600|0.00100483|   WEAK   
   diehard_birthdays|   0|       100|   45700|0.00102717|   WEAK   
   diehard_birthdays|   0|       100|   45800|0.00117038|   WEAK   
   diehard_birthdays|   0|       100|   45900|0.00115352|   WEAK   
   diehard_birthdays|   0|       100|   46000|0.00146033|   WEAK   
   diehard_birthdays|   0|       100|   46100|0.00138906|   WEAK   
   diehard_birthdays|   0|       100|   46200|0.00127486|   WEAK   
   diehard_birthdays|   0|       100|   46300|0.00116966|   WEAK   
   diehard_birthdays|   0|       100|   46400|0.00096244|   WEAK   
   diehard_birthdays|   0|       100|   46500|0.00101986|   WEAK   
   diehard_birthdays|   0|       100|   46600|0.00093493|   WEAK   
   diehard_birthdays|   0|       100|   46700|0.00118555|   WEAK   
   diehard_birthdays|   0|       100|   46800|0.00108776|   WEAK   
   diehard_birthdays|   0|       100|   46900|0.00123660|   WEAK   
   diehard_birthdays|   0|       100|   47000|0.00117618|   WEAK   
   diehard_birthdays|   0|       100|   47100|0.00111862|   WEAK   
   diehard_birthdays|   0|       100|   47200|0.00092137|   WEAK   
   diehard_birthdays|   0|       100|   47300|0.00112601|   WEAK   
   diehard_birthdays|   0|       100|   47400|0.00119144|   WEAK   
   diehard_birthdays|   0|       100|   47500|0.00150154|   WEAK   
   diehard_birthdays|   0|       100|   47600|0.00169991|   WEAK   
   diehard_birthdays|   0|       100|   47700|0.00185728|   WEAK   
   diehard_birthdays|   0|       100|   47800|0.00209769|   WEAK   
   diehard_birthdays|   0|       100|   47900|0.00193152|   WEAK   
   diehard_birthdays|   0|       100|   48000|0.00183976|   WEAK   
   diehard_birthdays|   0|       100|   48100|0.00181317|   WEAK   
   diehard_birthdays|   0|       100|   48200|0.00161234|   WEAK   
   diehard_birthdays|   0|       100|   48300|0.00153524|   WEAK   
   diehard_birthdays|   0|       100|   48400|0.00110563|   WEAK   
   diehard_birthdays|   0|       100|   48500|0.00101537|   WEAK   
   diehard_birthdays|   0|       100|   48600|0.00107394|   WEAK   
   diehard_birthdays|   0|       100|   48700|0.00088661|   WEAK   
   diehard_birthdays|   0|       100|   48800|0.00081359|   WEAK   
   diehard_birthdays|   0|       100|   48900|0.00110294|   WEAK   
   diehard_birthdays|   0|       100|   49000|0.00112574|   WEAK   
   diehard_birthdays|   0|       100|   49100|0.00107131|   WEAK   
   diehard_birthdays|   0|       100|   49200|0.00109346|   WEAK   
   diehard_birthdays|   0|       100|   49300|0.00119642|   WEAK   
   diehard_birthdays|   0|       100|   49400|0.00102557|   WEAK   
   diehard_birthdays|   0|       100|   49500|0.00090956|   WEAK   
   diehard_birthdays|   0|       100|   49600|0.00103164|   WEAK   
   diehard_birthdays|   0|       100|   49700|0.00112876|   WEAK   
   diehard_birthdays|   0|       100|   49800|0.00111245|   WEAK   
   diehard_birthdays|   0|       100|   49900|0.00098759|   WEAK   
   diehard_birthdays|   0|       100|   50000|0.00078804|   WEAK   
   diehard_birthdays|   0|       100|   50100|0.00099335|   WEAK   
   diehard_birthdays|   0|       100|   50200|0.00082154|   WEAK   
   diehard_birthdays|   0|       100|   50300|0.00075441|   WEAK   
   diehard_birthdays|   0|       100|   50400|0.00085617|   WEAK   
   diehard_birthdays|   0|       100|   50500|0.00087392|   WEAK   
   diehard_birthdays|   0|       100|   50600|0.00086130|   WEAK   
   diehard_birthdays|   0|       100|   50700|0.00091030|   WEAK   
   diehard_birthdays|   0|       100|   50800|0.00092895|   WEAK   
   diehard_birthdays|   0|       100|   50900|0.00082452|   WEAK   
   diehard_birthdays|   0|       100|   51000|0.00063474|   WEAK   
   diehard_birthdays|   0|       100|   51100|0.00058254|   WEAK   
   diehard_birthdays|   0|       100|   51200|0.00057414|   WEAK   
   diehard_birthdays|   0|       100|   51300|0.00060766|   WEAK   
   diehard_birthdays|   0|       100|   51400|0.00062055|   WEAK   
   diehard_birthdays|   0|       100|   51500|0.00063365|   WEAK   
   diehard_birthdays|   0|       100|   51600|0.00060277|   WEAK   
   diehard_birthdays|   0|       100|   51700|0.00055330|   WEAK   
   diehard_birthdays|   0|       100|   51800|0.00052622|   WEAK   
   diehard_birthdays|   0|       100|   51900|0.00050042|   WEAK   
   diehard_birthdays|   0|       100|   52000|0.00045909|   WEAK   
   diehard_birthdays|   0|       100|   52100|0.00037772|   WEAK   
   diehard_birthdays|   0|       100|   52200|0.00035900|   WEAK   
   diehard_birthdays|   0|       100|   52300|0.00032896|   WEAK   
   diehard_birthdays|   0|       100|   52400|0.00032423|   WEAK   
   diehard_birthdays|   0|       100|   52500|0.00039730|   WEAK   
   diehard_birthdays|   0|       100|   52600|0.00040594|   WEAK   
   diehard_birthdays|   0|       100|   52700|0.00034625|   WEAK   
   diehard_birthdays|   0|       100|   52800|0.00034127|   WEAK   
   diehard_birthdays|   0|       100|   52900|0.00033636|   WEAK   
   diehard_birthdays|   0|       100|   53000|0.00031969|   WEAK   
   diehard_birthdays|   0|       100|   53100|0.00036417|   WEAK   
   diehard_birthdays|   0|       100|   53200|0.00034621|   WEAK   
   diehard_birthdays|   0|       100|   53300|0.00034122|   WEAK   
   diehard_birthdays|   0|       100|   53400|0.00034866|   WEAK   
   diehard_birthdays|   0|       100|   53500|0.00030833|   WEAK   
   diehard_birthdays|   0|       100|   53600|0.00033388|   WEAK   
   diehard_birthdays|   0|       100|   53700|0.00033312|   WEAK   
   diehard_birthdays|   0|       100|   53800|0.00027735|   WEAK   
   diehard_birthdays|   0|       100|   53900|0.00027675|   WEAK   
   diehard_birthdays|   0|       100|   54000|0.00029690|   WEAK   
   diehard_birthdays|   0|       100|   54100|0.00028570|   WEAK   
   diehard_birthdays|   0|       100|   54200|0.00027493|   WEAK   
   diehard_birthdays|   0|       100|   54300|0.00027431|   WEAK   
   diehard_birthdays|   0|       100|   54400|0.00024546|   WEAK   
   diehard_birthdays|   0|       100|   54500|0.00018265|   WEAK   
   diehard_birthdays|   0|       100|   54600|0.00020359|   WEAK   
   diehard_birthdays|   0|       100|   54700|0.00022675|   WEAK   
   diehard_birthdays|   0|       100|   54800|0.00021033|   WEAK   
   diehard_birthdays|   0|       100|   54900|0.00018123|   WEAK   
   diehard_birthdays|   0|       100|   55000|0.00022529|   WEAK   
   diehard_birthdays|   0|       100|   55100|0.00017398|   WEAK   
   diehard_birthdays|   0|       100|   55200|0.00016735|   WEAK   
   diehard_birthdays|   0|       100|   55300|0.00012407|   WEAK   
   diehard_birthdays|   0|       100|   55400|0.00009514|   WEAK   
   diehard_birthdays|   0|       100|   55500|0.00008158|   WEAK   
   diehard_birthdays|   0|       100|   55600|0.00009850|   WEAK   
   diehard_birthdays|   0|       100|   55700|0.00010605|   WEAK   
   diehard_birthdays|   0|       100|   55800|0.00009819|   WEAK   
   diehard_birthdays|   0|       100|   55900|0.00007808|   WEAK   
   diehard_birthdays|   0|       100|   56000|0.00007224|   WEAK   
   diehard_birthdays|   0|       100|   56100|0.00007214|   WEAK   
   diehard_birthdays|   0|       100|   56200|0.00005094|   WEAK   
   diehard_birthdays|   0|       100|   56300|0.00004528|   WEAK   
   diehard_birthdays|   0|       100|   56400|0.00005082|   WEAK   
   diehard_birthdays|   0|       100|   56500|0.00004019|   WEAK   
   diehard_birthdays|   0|       100|   56600|0.00005070|   WEAK   
   diehard_birthdays|   0|       100|   56700|0.00004336|   WEAK   
   diehard_birthdays|   0|       100|   56800|0.00005257|   WEAK   
   diehard_birthdays|   0|       100|   56900|0.00005457|   WEAK   
   diehard_birthdays|   0|       100|   57000|0.00004493|   WEAK   
   diehard_birthdays|   0|       100|   57100|0.00003994|   WEAK   
   diehard_birthdays|   0|       100|   57200|0.00004148|   WEAK   
   diehard_birthdays|   0|       100|   57300|0.00003030|   WEAK   
   diehard_birthdays|   0|       100|   57400|0.00002295|   WEAK   
   diehard_birthdays|   0|       100|   57500|0.00002293|   WEAK   
   diehard_birthdays|   0|       100|   57600|0.00002481|   WEAK   
   diehard_birthdays|   0|       100|   57700|0.00002903|   WEAK   
   diehard_birthdays|   0|       100|   57800|0.00003017|   WEAK   
   diehard_birthdays|   0|       100|   57900|0.00002475|   WEAK   
   diehard_birthdays|   0|       100|   58000|0.00002028|   WEAK   
   diehard_birthdays|   0|       100|   58100|0.00002781|   WEAK   
   diehard_birthdays|   0|       100|   58200|0.00003650|   WEAK   
   diehard_birthdays|   0|       100|   58300|0.00003939|   WEAK   
   diehard_birthdays|   0|       100|   58400|0.00003934|   WEAK   
   diehard_birthdays|   0|       100|   58500|0.00003238|   WEAK   
   diehard_birthdays|   0|       100|   58600|0.00003633|   WEAK   
   diehard_birthdays|   0|       100|   58700|0.00003629|   WEAK   
   diehard_birthdays|   0|       100|   58800|0.00003767|   WEAK   
   diehard_birthdays|   0|       100|   58900|0.00004556|   WEAK   
   diehard_birthdays|   0|       100|   59000|0.00005098|   WEAK   
   diehard_birthdays|   0|       100|   59100|0.00004718|   WEAK   
   diehard_birthdays|   0|       100|   59200|0.00005691|   WEAK   
   diehard_birthdays|   0|       100|   59300|0.00004886|   WEAK   
   diehard_birthdays|   0|       100|   59400|0.00005066|   WEAK   
   diehard_birthdays|   0|       100|   59500|0.00005879|   WEAK   
   diehard_birthdays|   0|       100|   59600|0.00006565|   WEAK   
   diehard_birthdays|   0|       100|   59700|0.00006553|   WEAK   
   diehard_birthdays|   0|       100|   59800|0.00007311|   WEAK   
   diehard_birthdays|   0|       100|   59900|0.00005417|   WEAK   
   diehard_birthdays|   0|       100|   60000|0.00006050|   WEAK   
   diehard_birthdays|   0|       100|   60100|0.00005818|   WEAK   
   diehard_birthdays|   0|       100|   60200|0.00005389|   WEAK   
   diehard_birthdays|   0|       100|   60300|0.00005585|   WEAK   
   diehard_birthdays|   0|       100|   60400|0.00004128|   WEAK   
   diehard_birthdays|   0|       100|   60500|0.00004121|   WEAK   
   diehard_birthdays|   0|       100|   60600|0.00004783|   WEAK   
   diehard_birthdays|   0|       100|   60700|0.00004430|   WEAK   
   diehard_birthdays|   0|       100|   60800|0.00005332|   WEAK   
   diehard_birthdays|   0|       100|   60900|0.00004584|   WEAK   
   diehard_birthdays|   0|       100|   61000|0.00005118|   WEAK   
   diehard_birthdays|   0|       100|   61100|0.00005926|   WEAK   
   diehard_birthdays|   0|       100|   61200|0.00005915|   WEAK   
   diehard_birthdays|   0|       100|   61300|0.00005903|   WEAK   
   diehard_birthdays|   0|       100|   61400|0.00004377|   WEAK   
   diehard_birthdays|   0|       100|   61500|0.00004054|   WEAK   
   diehard_birthdays|   0|       100|   61600|0.00003228|   WEAK   
   diehard_birthdays|   0|       100|   61700|0.00003223|   WEAK   
   diehard_birthdays|   0|       100|   61800|0.00003471|   WEAK   
   diehard_birthdays|   0|       100|   61900|0.00004026|   WEAK   
   diehard_birthdays|   0|       100|   62000|0.00004331|   WEAK   
   diehard_birthdays|   0|       100|   62100|0.00003454|   WEAK   
   diehard_birthdays|   0|       100|   62200|0.00003858|   WEAK   
   diehard_birthdays|   0|       100|   62300|0.00003442|   WEAK   
   diehard_birthdays|   0|       100|   62400|0.00002846|   WEAK   
   diehard_birthdays|   0|       100|   62500|0.00003182|   WEAK   
   diehard_birthdays|   0|       100|   62600|0.00003298|   WEAK   
   diehard_birthdays|   0|       100|   62700|0.00003293|   WEAK   
   diehard_birthdays|   0|       100|   62800|0.00003543|   WEAK   
   diehard_birthdays|   0|       100|   62900|0.00003407|   WEAK   
   diehard_birthdays|   0|       100|   63000|0.00002927|   WEAK   
   diehard_birthdays|   0|       100|   63100|0.00002922|   WEAK   
   diehard_birthdays|   0|       100|   63200|0.00003789|   WEAK   
   diehard_birthdays|   0|       100|   63300|0.00002912|   WEAK   
   diehard_birthdays|   0|       100|   63400|0.00002597|   WEAK   
   diehard_birthdays|   0|       100|   63500|0.00002315|   WEAK   
   diehard_birthdays|   0|       100|   63600|0.00002493|   WEAK   
   diehard_birthdays|   0|       100|   63700|0.00002140|   WEAK   
   diehard_birthdays|   0|       100|   63800|0.00002219|   WEAK   
   diehard_birthdays|   0|       100|   63900|0.00001832|   WEAK   
   diehard_birthdays|   0|       100|   64000|0.00001570|   WEAK   
   diehard_birthdays|   0|       100|   64100|0.00001971|   WEAK   
   diehard_birthdays|   0|       100|   64200|0.00002044|   WEAK   
   diehard_birthdays|   0|       100|   64300|0.00002201|   WEAK   
   diehard_birthdays|   0|       100|   64400|0.00002038|   WEAK   
   diehard_birthdays|   0|       100|   64500|0.00001749|   WEAK   
   diehard_birthdays|   0|       100|   64600|0.00002452|   WEAK   
   diehard_birthdays|   0|       100|   64700|0.00002737|   WEAK   
   diehard_birthdays|   0|       100|   64800|0.00003540|   WEAK   
   diehard_birthdays|   0|       100|   64900|0.00003163|   WEAK   
   diehard_birthdays|   0|       100|   65000|0.00002825|   WEAK   
   diehard_birthdays|   0|       100|   65100|0.00002618|   WEAK   
   diehard_birthdays|   0|       100|   65200|0.00002426|   WEAK   
   diehard_birthdays|   0|       100|   65300|0.00002608|   WEAK   
   diehard_birthdays|   0|       100|   65400|0.00002417|   WEAK   
   diehard_birthdays|   0|       100|   65500|0.00002157|   WEAK   
   diehard_birthdays|   0|       100|   65600|0.00001477|   WEAK   
   diehard_birthdays|   0|       100|   65700|0.00001420|   WEAK   
   diehard_birthdays|   0|       100|   65800|0.00001418|   WEAK   
   diehard_birthdays|   0|       100|   65900|0.00001170|   WEAK   
   diehard_birthdays|   0|       100|   66000|0.00001361|   WEAK   
   diehard_birthdays|   0|       100|   66100|0.00001466|   WEAK   
   diehard_birthdays|   0|       100|   66200|0.00001357|   WEAK   
   diehard_birthdays|   0|       100|   66300|0.00001355|   WEAK   
   diehard_birthdays|   0|       100|   66400|0.00001574|   WEAK   
   diehard_birthdays|   0|       100|   66500|0.00001571|   WEAK   
   diehard_birthdays|   0|       100|   66600|0.00001510|   WEAK   
   diehard_birthdays|   0|       100|   66700|0.00001398|   WEAK   
   diehard_birthdays|   0|       100|   66800|0.00001816|   WEAK   
   diehard_birthdays|   0|       100|   66900|0.00001746|   WEAK   
   diehard_birthdays|   0|       100|   67000|0.00002022|   WEAK   
   diehard_birthdays|   0|       100|   67100|0.00001555|   WEAK   
   diehard_birthdays|   0|       100|   67200|0.00001193|   WEAK   
   diehard_birthdays|   0|       100|   67300|0.00000985|   WEAK   
   diehard_birthdays|   0|       100|   67400|0.00000911|   WEAK   
   diehard_birthdays|   0|       100|   67500|0.00000751|   WEAK   
   diehard_birthdays|   0|       100|   67600|0.00000643|   WEAK   
   diehard_birthdays|   0|       100|   67700|0.00000694|   WEAK   
   diehard_birthdays|   0|       100|   67800|0.00000641|   WEAK   
   diehard_birthdays|   0|       100|   67900|0.00000616|   WEAK   
   diehard_birthdays|   0|       100|   68000|0.00000548|   WEAK   
   diehard_birthdays|   0|       100|   68100|0.00000506|   WEAK   
   diehard_birthdays|   0|       100|   68200|0.00000468|   WEAK   
   diehard_birthdays|   0|       100|   68300|0.00000416|   WEAK   
   diehard_birthdays|   0|       100|   68400|0.00000467|   WEAK   
   diehard_birthdays|   0|       100|   68500|0.00000589|   WEAK   
   diehard_birthdays|   0|       100|   68600|0.00000660|   WEAK   
   diehard_birthdays|   0|       100|   68700|0.00000739|   WEAK   
   diehard_birthdays|   0|       100|   68800|0.00000963|   WEAK   
   diehard_birthdays|   0|       100|   68900|0.00001160|   WEAK   
   diehard_birthdays|   0|       100|   69000|0.00001074|   WEAK   
   diehard_birthdays|   0|       100|   69100|0.00000995|   WEAK   
   diehard_birthdays|   0|       100|   69200|0.00001290|   WEAK   
   diehard_birthdays|   0|       100|   69300|0.00001109|   WEAK   
   diehard_birthdays|   0|       100|   69400|0.00001108|   WEAK   
   diehard_birthdays|   0|       100|   69500|0.00001106|   WEAK   
   diehard_birthdays|   0|       100|   69600|0.00001024|   WEAK   
   diehard_birthdays|   0|       100|   69700|0.00000914|   WEAK   
   diehard_birthdays|   0|       100|   69800|0.00001021|   WEAK   
   diehard_birthdays|   0|       100|   69900|0.00001182|   WEAK   
   diehard_birthdays|   0|       100|   70000|0.00001137|   WEAK   
   diehard_birthdays|   0|       100|   70100|0.00001269|   WEAK   
   diehard_birthdays|   0|       100|   70200|0.00001013|   WEAK   
   diehard_birthdays|   0|       100|   70300|0.00001218|   WEAK   
   diehard_birthdays|   0|       100|   70400|0.00001010|   WEAK   
   diehard_birthdays|   0|       100|   70500|0.00001213|   WEAK   
   diehard_birthdays|   0|       100|   70600|0.00001167|   WEAK   
   diehard_birthdays|   0|       100|   70700|0.00001349|   WEAK   
   diehard_birthdays|   0|       100|   70800|0.00001120|   WEAK   
   diehard_birthdays|   0|       100|   70900|0.00001000|   WEAK   
   diehard_birthdays|   0|       100|   71000|0.00000893|   WEAK   
   diehard_birthdays|   0|       100|   71100|0.00001073|   WEAK   
   diehard_birthdays|   0|       100|   71200|0.00001071|   WEAK   
   diehard_birthdays|   0|       100|   71300|0.00000993|   WEAK   
   diehard_birthdays|   0|       100|   71400|0.00000991|   WEAK   
   diehard_birthdays|   0|       100|   71500|0.00001105|   WEAK   
   diehard_birthdays|   0|       100|   71600|0.00001478|   WEAK   
   diehard_birthdays|   0|       100|   71700|0.00001229|   WEAK   
   diehard_birthdays|   0|       100|   71800|0.00001182|   WEAK   
   diehard_birthdays|   0|       100|   71900|0.00001416|   WEAK   
   diehard_birthdays|   0|       100|   72000|0.00001362|   WEAK   
   diehard_birthdays|   0|       100|   72100|0.00001409|   WEAK   
   diehard_birthdays|   0|       100|   72200|0.00001172|   WEAK   
   diehard_birthdays|   0|       100|   72300|0.00001128|   WEAK   
   diehard_birthdays|   0|       100|   72400|0.00001085|   WEAK   
   diehard_birthdays|   0|       100|   72500|0.00001083|   WEAK   
   diehard_birthdays|   0|       100|   72600|0.00001042|   WEAK   
   diehard_birthdays|   0|       100|   72700|0.00000897|   WEAK   
   diehard_birthdays|   0|       100|   72800|0.00000863|   WEAK   
   diehard_birthdays|   0|       100|   72900|0.00000862|   WEAK   
   diehard_birthdays|   0|       100|   73000|0.00000829|   WEAK   
   diehard_birthdays|   0|       100|   73100|0.00000662|   WEAK   
   diehard_birthdays|   0|       100|   73200|0.00000570|   WEAK   
   diehard_birthdays|   0|       100|   73300|0.00000548|   WEAK   
   diehard_birthdays|   0|       100|   73400|0.00000507|   WEAK   
   diehard_birthdays|   0|       100|   73500|0.00000347|   WEAK   
   diehard_birthdays|   0|       100|   73600|0.00000374|   WEAK   
   diehard_birthdays|   0|       100|   73700|0.00000297|   WEAK   
   diehard_birthdays|   0|       100|   73800|0.00000333|   WEAK   
   diehard_birthdays|   0|       100|   73900|0.00000320|   WEAK   
   diehard_birthdays|   0|       100|   74000|0.00000401|   WEAK   
   diehard_birthdays|   0|       100|   74100|0.00000416|   WEAK   
   diehard_birthdays|   0|       100|   74200|0.00000385|   WEAK   
   diehard_birthdays|   0|       100|   74300|0.00000244|   WEAK   
   diehard_birthdays|   0|       100|   74400|0.00000193|   WEAK   
   diehard_birthdays|   0|       100|   74500|0.00000216|   WEAK   
   diehard_birthdays|   0|       100|   74600|0.00000153|   WEAK   
   diehard_birthdays|   0|       100|   74700|0.00000116|   WEAK   
   diehard_birthdays|   0|       100|   74800|0.00000116|   WEAK   
   diehard_birthdays|   0|       100|   74900|0.00000088|  FAILED  
      diehard_operm5|   5|   1000000|     100|0.34982051|  PASSED  
      diehard_operm5|   5|   1000000|     200|0.11886916|  PASSED  
      diehard_operm5|   5|   1000000|     300|0.00869538|  PASSED  
      diehard_operm5|   5|   1000000|     400|0.00014955|   WEAK   
      diehard_operm5|   5|   1000000|     500|0.00015284|   WEAK   
      diehard_operm5|   5|   1000000|     600|0.00001372|   WEAK   
      diehard_operm5|   5|   1000000|     700|0.00000010|  FAILED  
  diehard_rank_32x32|   0|     40000|     100|0.44405493|  PASSED  
  diehard_rank_32x32|   0|     40000|     200|0.49238071|  PASSED  
  diehard_rank_32x32|   0|     40000|     300|0.75929386|  PASSED  
  diehard_rank_32x32|   0|     40000|     400|0.59248578|  PASSED  
  diehard_rank_32x32|   0|     40000|     500|0.72620652|  PASSED  
  diehard_rank_32x32|   0|     40000|     600|0.79009437|  PASSED  
  diehard_rank_32x32|   0|     40000|     700|0.75800808|  PASSED  
  diehard_rank_32x32|   0|     40000|     800|0.91478289|  PASSED  
  diehard_rank_32x32|   0|     40000|     900|0.71306957|  PASSED  
  diehard_rank_32x32|   0|     40000|    1000|0.76441771|  PASSED  
  diehard_rank_32x32|   0|     40000|    1100|0.69013285|  PASSED  
  diehard_rank_32x32|   0|     40000|    1200|0.41358611|  PASSED  
  diehard_rank_32x32|   0|     40000|    1300|0.41040474|  PASSED  
  diehard_rank_32x32|   0|     40000|    1400|0.55544769|  PASSED  
  diehard_rank_32x32|   0|     40000|    1500|0.44433929|  PASSED  
  diehard_rank_32x32|   0|     40000|    1600|0.32260321|  PASSED  
  diehard_rank_32x32|   0|     40000|    1700|0.55706654|  PASSED  
  diehard_rank_32x32|   0|     40000|    1800|0.45895439|  PASSED  
  diehard_rank_32x32|   0|     40000|    1900|0.47197983|  PASSED  
  diehard_rank_32x32|   0|     40000|    2000|0.39774702|  PASSED  
  diehard_rank_32x32|   0|     40000|    2100|0.37099583|  PASSED  
  diehard_rank_32x32|   0|     40000|    2200|0.49493993|  PASSED  
  diehard_rank_32x32|   0|     40000|    2300|0.42190464|  PASSED  
  diehard_rank_32x32|   0|     40000|    2400|0.32692465|  PASSED  
  diehard_rank_32x32|   0|     40000|    2500|0.27097688|  PASSED  
  diehard_rank_32x32|   0|     40000|    2600|0.13312993|  PASSED  
  diehard_rank_32x32|   0|     40000|    2700|0.18410806|  PASSED  
  diehard_rank_32x32|   0|     40000|    2800|0.22781451|  PASSED  
  diehard_rank_32x32|   0|     40000|    2900|0.20397599|  PASSED  
  diehard_rank_32x32|   0|     40000|    3000|0.07687743|  PASSED  
  diehard_rank_32x32|   0|     40000|    3100|0.07523009|  PASSED  
  diehard_rank_32x32|   0|     40000|    3200|0.08048467|  PASSED  
  diehard_rank_32x32|   0|     40000|    3300|0.12648230|  PASSED  
  diehard_rank_32x32|   0|     40000|    3400|0.16066270|  PASSED  
  diehard_rank_32x32|   0|     40000|    3500|0.17101767|  PASSED  
  diehard_rank_32x32|   0|     40000|    3600|0.15631523|  PASSED  
  diehard_rank_32x32|   0|     40000|    3700|0.08516646|  PASSED  
  diehard_rank_32x32|   0|     40000|    3800|0.11912012|  PASSED  
  diehard_rank_32x32|   0|     40000|    3900|0.22056697|  PASSED  
  diehard_rank_32x32|   0|     40000|    4000|0.19939734|  PASSED  
  diehard_rank_32x32|   0|     40000|    4100|0.19282076|  PASSED  
  diehard_rank_32x32|   0|     40000|    4200|0.14146430|  PASSED  
  diehard_rank_32x32|   0|     40000|    4300|0.10250139|  PASSED  
  diehard_rank_32x32|   0|     40000|    4400|0.19864229|  PASSED  
  diehard_rank_32x32|   0|     40000|    4500|0.27767730|  PASSED  
  diehard_rank_32x32|   0|     40000|    4600|0.19758286|  PASSED  
  diehard_rank_32x32|   0|     40000|    4700|0.19081925|  PASSED  
  diehard_rank_32x32|   0|     40000|    4800|0.16221975|  PASSED  
  diehard_rank_32x32|   0|     40000|    4900|0.13423544|  PASSED  
  diehard_rank_32x32|   0|     40000|    5000|0.24224148|  PASSED  
  diehard_rank_32x32|   0|     40000|    5100|0.17361849|  PASSED  
  diehard_rank_32x32|   0|     40000|    5200|0.22640113|  PASSED  
  diehard_rank_32x32|   0|     40000|    5300|0.28904742|  PASSED  
  diehard_rank_32x32|   0|     40000|    5400|0.23701653|  PASSED  
  diehard_rank_32x32|   0|     40000|    5500|0.24217835|  PASSED  
  diehard_rank_32x32|   0|     40000|    5600|0.22854467|  PASSED  
  diehard_rank_32x32|   0|     40000|    5700|0.22166655|  PASSED  
  diehard_rank_32x32|   0|     40000|    5800|0.20237474|  PASSED  
  diehard_rank_32x32|   0|     40000|    5900|0.22676286|  PASSED  
  diehard_rank_32x32|   0|     40000|    6000|0.21540594|  PASSED  
  diehard_rank_32x32|   0|     40000|    6100|0.17317005|  PASSED  
  diehard_rank_32x32|   0|     40000|    6200|0.18028845|  PASSED  
  diehard_rank_32x32|   0|     40000|    6300|0.23642317|  PASSED  
  diehard_rank_32x32|   0|     40000|    6400|0.20216637|  PASSED  
  diehard_rank_32x32|   0|     40000|    6500|0.24380750|  PASSED  
  diehard_rank_32x32|   0|     40000|    6600|0.16986476|  PASSED  
  diehard_rank_32x32|   0|     40000|    6700|0.11538366|  PASSED  
  diehard_rank_32x32|   0|     40000|    6800|0.13833117|  PASSED  
  diehard_rank_32x32|   0|     40000|    6900|0.17318002|  PASSED  
  diehard_rank_32x32|   0|     40000|    7000|0.20348859|  PASSED  
  diehard_rank_32x32|   0|     40000|    7100|0.23629195|  PASSED  
  diehard_rank_32x32|   0|     40000|    7200|0.25979592|  PASSED  
  diehard_rank_32x32|   0|     40000|    7300|0.29781801|  PASSED  
  diehard_rank_32x32|   0|     40000|    7400|0.20337447|  PASSED  
  diehard_rank_32x32|   0|     40000|    7500|0.20323956|  PASSED  
  diehard_rank_32x32|   0|     40000|    7600|0.22371420|  PASSED  
  diehard_rank_32x32|   0|     40000|    7700|0.19316673|  PASSED  
  diehard_rank_32x32|   0|     40000|    7800|0.29318148|  PASSED  
  diehard_rank_32x32|   0|     40000|    7900|0.24418049|  PASSED  
  diehard_rank_32x32|   0|     40000|    8000|0.25485076|  PASSED  
  diehard_rank_32x32|   0|     40000|    8100|0.27765824|  PASSED  
  diehard_rank_32x32|   0|     40000|    8200|0.40061998|  PASSED  
  diehard_rank_32x32|   0|     40000|    8300|0.39846827|  PASSED  
  diehard_rank_32x32|   0|     40000|    8400|0.34203720|  PASSED  
  diehard_rank_32x32|   0|     40000|    8500|0.28802346|  PASSED  
  diehard_rank_32x32|   0|     40000|    8600|0.23908351|  PASSED  
  diehard_rank_32x32|   0|     40000|    8700|0.19109223|  PASSED  
  diehard_rank_32x32|   0|     40000|    8800|0.15012655|  PASSED  
  diehard_rank_32x32|   0|     40000|    8900|0.18080099|  PASSED  
  diehard_rank_32x32|   0|     40000|    9000|0.24592781|  PASSED  
  diehard_rank_32x32|   0|     40000|    9100|0.17915480|  PASSED  
  diehard_rank_32x32|   0|     40000|    9200|0.21339149|  PASSED  
  diehard_rank_32x32|   0|     40000|    9300|0.18569168|  PASSED  
  diehard_rank_32x32|   0|     40000|    9400|0.23004501|  PASSED  
  diehard_rank_32x32|   0|     40000|    9500|0.21907364|  PASSED  
  diehard_rank_32x32|   0|     40000|    9600|0.17481153|  PASSED  
  diehard_rank_32x32|   0|     40000|    9700|0.12575134|  PASSED  
  diehard_rank_32x32|   0|     40000|    9800|0.20613943|  PASSED  
  diehard_rank_32x32|   0|     40000|    9900|0.15214385|  PASSED  
  diehard_rank_32x32|   0|     40000|   10000|0.21713219|  PASSED  
  diehard_rank_32x32|   0|     40000|   10100|0.21766278|  PASSED  
  diehard_rank_32x32|   0|     40000|   10200|0.23673479|  PASSED  
  diehard_rank_32x32|   0|     40000|   10300|0.36078185|  PASSED  
  diehard_rank_32x32|   0|     40000|   10400|0.41411831|  PASSED  
  diehard_rank_32x32|   0|     40000|   10500|0.37295920|  PASSED  
  diehard_rank_32x32|   0|     40000|   10600|0.38561650|  PASSED  
  diehard_rank_32x32|   0|     40000|   10700|0.45443564|  PASSED  
  diehard_rank_32x32|   0|     40000|   10800|0.34633156|  PASSED  
  diehard_rank_32x32|   0|     40000|   10900|0.33349609|  PASSED  
  diehard_rank_32x32|   0|     40000|   11000|0.28592631|  PASSED  
  diehard_rank_32x32|   0|     40000|   11100|0.27353444|  PASSED  
  diehard_rank_32x32|   0|     40000|   11200|0.27868713|  PASSED  
  diehard_rank_32x32|   0|     40000|   11300|0.21723123|  PASSED  
  diehard_rank_32x32|   0|     40000|   11400|0.23054331|  PASSED  
  diehard_rank_32x32|   0|     40000|   11500|0.32729204|  PASSED  
