#=============================================================================#
#            dieharder version 3.31.2 Copyright 2003 Robert G. Brown          #
#=============================================================================#
   rng_name    |rands/second|   Seed   |
  xoroshiro64**|  2.78e+08  |2793163310|
#=============================================================================#
        test_name   |ntup| tsamples |psamples|  p-value |Assessment
#=============================================================================#
   diehard_birthdays|   0|       100|     100|0.12940460|  PASSED  
      diehard_operm5|   0|   1000000|     100|0.80043604|  PASSED  
  diehard_rank_32x32|   0|     40000|     100|0.09749289|  PASSED  
    diehard_rank_6x8|   0|    100000|     100|0.18079985|  PASSED  
   diehard_bitstream|   0|   2097152|     100|0.99210069|  PASSED  
        diehard_opso|   0|   2097152|     100|0.24489251|  PASSED  
        diehard_oqso|   0|   2097152|     100|0.70792758|  PASSED  
         diehard_dna|   0|   2097152|     100|0.43211482|  PASSED  
diehard_count_1s_str|   0|    256000|     100|0.41138008|  PASSED  
diehard_count_1s_byt|   0|    256000|     100|0.92039429|  PASSED  
 diehard_parking_lot|   0|     12000|     100|0.77490362|  PASSED  
    diehard_2dsphere|   2|      8000|     100|0.15297052|  PASSED  
    diehard_3dsphere|   3|      4000|     100|0.61906467|  PASSED  
     diehard_squeeze|   0|    100000|     100|0.94985011|  PASSED  
        diehard_sums|   0|       100|     100|0.48520014|  PASSED  
        diehard_runs|   0|    100000|     100|0.39531543|  PASSED  
        diehard_runs|   0|    100000|     100|0.68257554|  PASSED  
       diehard_craps|   0|    200000|     100|0.22724798|  PASSED  
       diehard_craps|   0|    200000|     100|0.87495191|  PASSED  
 marsaglia_tsang_gcd|   0|  10000000|     100|0.26155267|  PASSED  
 marsaglia_tsang_gcd|   0|  10000000|     100|0.91053676|  PASSED  
         sts_monobit|   1|    100000|     100|0.76283884|  PASSED  
            sts_runs|   2|    100000|     100|0.42171637|  PASSED  
          sts_serial|   1|    100000|     100|0.49004598|  PASSED  
          sts_serial|   2|    100000|     100|0.08720747|  PASSED  
          sts_serial|   3|    100000|     100|0.07247256|  PASSED  
          sts_serial|   3|    100000|     100|0.99256766|  PASSED  
          sts_serial|   4|    100000|     100|0.02953120|  PASSED  
          sts_serial|   4|    100000|     100|0.75683280|  PASSED  
          sts_serial|   5|    100000|     100|0.32428490|  PASSED  
          sts_serial|   5|    100000|     100|0.26262047|  PASSED  
          sts_serial|   6|    100000|     100|0.37314626|  PASSED  
          sts_serial|   6|    100000|     100|0.24298210|  PASSED  
          sts_serial|   7|    100000|     100|0.68718793|  PASSED  
          sts_serial|   7|    100000|     100|0.10153715|  PASSED  
          sts_serial|   8|    100000|     100|0.92481408|  PASSED  
          sts_serial|   8|    100000|     100|0.39506478|  PASSED  
          sts_serial|   9|    100000|     100|0.53171077|  PASSED  
          sts_serial|   9|    100000|     100|0.50781166|  PASSED  
          sts_serial|  10|    100000|     100|0.44763767|  PASSED  
          sts_serial|  10|    100000|     100|0.50861753|  PASSED  
          sts_serial|  11|    100000|     100|0.61564861|  PASSED  
          sts_serial|  11|    100000|     100|0.20080777|  PASSED  
          sts_serial|  12|    100000|     100|0.51609481|  PASSED  
          sts_serial|  12|    100000|     100|0.36194669|  PASSED  
          sts_serial|  13|    100000|     100|0.62341157|  PASSED  
          sts_serial|  13|    100000|     100|0.18204295|  PASSED  
          sts_serial|  14|    100000|     100|0.75950849|  PASSED  
          sts_serial|  14|    100000|     100|0.22045301|  PASSED  
          sts_serial|  15|    100000|     100|0.80693838|  PASSED  
          sts_serial|  15|    100000|     100|0.34110248|  PASSED  
          sts_serial|  16|    100000|     100|0.53557561|  PASSED  
          sts_serial|  16|    100000|     100|0.78267765|  PASSED  
         rgb_bitdist|   1|    100000|     100|0.30471819|  PASSED  
         rgb_bitdist|   2|    100000|     100|0.64433550|  PASSED  
         rgb_bitdist|   3|    100000|     100|0.50157678|  PASSED  
         rgb_bitdist|   4|    100000|     100|0.83871180|  PASSED  
         rgb_bitdist|   5|    100000|     100|0.00228441|   WEAK   
         rgb_bitdist|   6|    100000|     100|0.89193211|  PASSED  
         rgb_bitdist|   7|    100000|     100|0.91388578|  PASSED  
         rgb_bitdist|   8|    100000|     100|0.00603220|  PASSED  
         rgb_bitdist|   9|    100000|     100|0.52850264|  PASSED  
         rgb_bitdist|  10|    100000|     100|0.88267854|  PASSED  
         rgb_bitdist|  11|    100000|     100|0.32820750|  PASSED  
         rgb_bitdist|  12|    100000|     100|0.70379322|  PASSED  
rgb_minimum_distance|   2|     10000|    1000|0.67470062|  PASSED  
rgb_minimum_distance|   3|     10000|    1000|0.15898692|  PASSED  
rgb_minimum_distance|   4|     10000|    1000|0.01475197|  PASSED  
rgb_minimum_distance|   5|     10000|    1000|0.53738632|  PASSED  
    rgb_permutations|   2|    100000|     100|0.69245999|  PASSED  
    rgb_permutations|   3|    100000|     100|0.90348159|  PASSED  
    rgb_permutations|   4|    100000|     100|0.90960228|  PASSED  
    rgb_permutations|   5|    100000|     100|0.97542012|  PASSED  
      rgb_lagged_sum|   0|   1000000|     100|0.08715700|  PASSED  
      rgb_lagged_sum|   1|   1000000|     100|0.75997101|  PASSED  
      rgb_lagged_sum|   2|   1000000|     100|0.82349699|  PASSED  
      rgb_lagged_sum|   3|   1000000|     100|0.00414743|   WEAK   
      rgb_lagged_sum|   4|   1000000|     100|0.85055850|  PASSED  
      rgb_lagged_sum|   5|   1000000|     100|0.38763619|  PASSED  
      rgb_lagged_sum|   6|   1000000|     100|0.11219207|  PASSED  
      rgb_lagged_sum|   7|   1000000|     100|0.82066318|  PASSED  
      rgb_lagged_sum|   8|   1000000|     100|0.92987509|  PASSED  
      rgb_lagged_sum|   9|   1000000|     100|0.78462855|  PASSED  
      rgb_lagged_sum|  10|   1000000|     100|0.32077511|  PASSED  
      rgb_lagged_sum|  11|   1000000|     100|0.33510727|  PASSED  
      rgb_lagged_sum|  12|   1000000|     100|0.32046078|  PASSED  
      rgb_lagged_sum|  13|   1000000|     100|0.08214533|  PASSED  
      rgb_lagged_sum|  14|   1000000|     100|0.92003585|  PASSED  
      rgb_lagged_sum|  15|   1000000|     100|0.07083454|  PASSED  
      rgb_lagged_sum|  16|   1000000|     100|0.41461064|  PASSED  
      rgb_lagged_sum|  17|   1000000|     100|0.11955828|  PASSED  
      rgb_lagged_sum|  18|   1000000|     100|0.95922394|  PASSED  
      rgb_lagged_sum|  19|   1000000|     100|0.89961713|  PASSED  
      rgb_lagged_sum|  20|   1000000|     100|0.45676070|  PASSED  
      rgb_lagged_sum|  21|   1000000|     100|0.12440701|  PASSED  
      rgb_lagged_sum|  22|   1000000|     100|0.04641021|  PASSED  
      rgb_lagged_sum|  23|   1000000|     100|0.15452784|  PASSED  
      rgb_lagged_sum|  24|   1000000|     100|0.33684589|  PASSED  
      rgb_lagged_sum|  25|   1000000|     100|0.21199219|  PASSED  
      rgb_lagged_sum|  26|   1000000|     100|0.64139103|  PASSED  
      rgb_lagged_sum|  27|   1000000|     100|0.67685479|  PASSED  
      rgb_lagged_sum|  28|   1000000|     100|0.94317734|  PASSED  
      rgb_lagged_sum|  29|   1000000|     100|0.48307079|  PASSED  
      rgb_lagged_sum|  30|   1000000|     100|0.82545636|  PASSED  
      rgb_lagged_sum|  31|   1000000|     100|0.27188747|  PASSED  
      rgb_lagged_sum|  32|   1000000|     100|0.62995249|  PASSED  
     rgb_kstest_test|   0|     10000|    1000|0.43308658|  PASSED  
     dab_bytedistrib|   0|  51200000|       1|0.05873399|  PASSED  
             dab_dct| 256|     50000|       1|0.27112445|  PASSED  
Preparing to run test 207.  ntuple = 0
        dab_filltree|  32|  15000000|       1|0.00000000|  FAILED  
        dab_filltree|  32|  15000000|       1|0.00000000|  FAILED  
Preparing to run test 208.  ntuple = 0
       dab_filltree2|   0|   5000000|       1|0.03612522|  PASSED  
       dab_filltree2|   1|   5000000|       1|0.40417375|  PASSED  
Preparing to run test 209.  ntuple = 0
        dab_monobit2|  12|  65000000|       1|0.23049923|  PASSED  
Preparing to run test 210.  ntuple = 0
