#=============================================================================#
#            dieharder version 3.31.2 Copyright 2003 Robert G. Brown          #
#=============================================================================#
   rng_name    |rands/second|   Seed   |
  xoroshiro128+|  2.65e+08  |2748718781|
#=============================================================================#
        test_name   |ntup| tsamples |psamples|  p-value |Assessment
#=============================================================================#
   diehard_birthdays|   0|       100|     100|0.69621421|  PASSED  
      diehard_operm5|   0|   1000000|     100|0.00000000|  FAILED  
  diehard_rank_32x32|   0|     40000|     100|0.26691970|  PASSED  
    diehard_rank_6x8|   0|    100000|     100|0.00000000|  FAILED  
   diehard_bitstream|   0|   2097152|     100|0.00000000|  FAILED  
        diehard_opso|   0|   2097152|     100|0.00000000|  FAILED  
        diehard_oqso|   0|   2097152|     100|0.00000000|  FAILED  
         diehard_dna|   0|   2097152|     100|0.00000000|  FAILED  
diehard_count_1s_str|   0|    256000|     100|0.00000000|  FAILED  
diehard_count_1s_byt|   0|    256000|     100|0.00000000|  FAILED  
 diehard_parking_lot|   0|     12000|     100|0.16708132|  PASSED  
    diehard_2dsphere|   2|      8000|     100|0.28888121|  PASSED  
    diehard_3dsphere|   3|      4000|     100|0.66436899|  PASSED  
     diehard_squeeze|   0|    100000|     100|0.00000000|  FAILED  
        diehard_sums|   0|       100|     100|0.12288588|  PASSED  
        diehard_runs|   0|    100000|     100|0.00000000|  FAILED  
        diehard_runs|   0|    100000|     100|0.00000000|  FAILED  
       diehard_craps|   0|    200000|     100|0.97082798|  PASSED  
       diehard_craps|   0|    200000|     100|0.64982149|  PASSED  
 marsaglia_tsang_gcd|   0|  10000000|     100|0.00000000|  FAILED  
 marsaglia_tsang_gcd|   0|  10000000|     100|0.00000000|  FAILED  
         sts_monobit|   1|    100000|     100|0.00000000|  FAILED  
            sts_runs|   2|    100000|     100|0.00000000|  FAILED  
          sts_serial|   1|    100000|     100|0.00000000|  FAILED  
          sts_serial|   2|    100000|     100|0.00000000|  FAILED  
          sts_serial|   3|    100000|     100|0.00000000|  FAILED  
          sts_serial|   3|    100000|     100|0.00000000|  FAILED  
          sts_serial|   4|    100000|     100|0.00000000|  FAILED  
          sts_serial|   4|    100000|     100|0.00000000|  FAILED  
          sts_serial|   5|    100000|     100|0.00000000|  FAILED  
          sts_serial|   5|    100000|     100|0.00000000|  FAILED  
          sts_serial|   6|    100000|     100|0.00000000|  FAILED  
          sts_serial|   6|    100000|     100|0.00000035|  FAILED  
          sts_serial|   7|    100000|     100|0.00000000|  FAILED  
          sts_serial|   7|    100000|     100|0.00000000|  FAILED  
          sts_serial|   8|    100000|     100|0.00000000|  FAILED  
          sts_serial|   8|    100000|     100|0.00000000|  FAILED  
          sts_serial|   9|    100000|     100|0.00000000|  FAILED  
          sts_serial|   9|    100000|     100|0.00000000|  FAILED  
          sts_serial|  10|    100000|     100|0.00000000|  FAILED  
          sts_serial|  10|    100000|     100|0.00000000|  FAILED  
          sts_serial|  11|    100000|     100|0.00000000|  FAILED  
          sts_serial|  11|    100000|     100|0.00000000|  FAILED  
          sts_serial|  12|    100000|     100|0.00000000|  FAILED  
          sts_serial|  12|    100000|     100|0.00000000|  FAILED  
          sts_serial|  13|    100000|     100|0.00000000|  FAILED  
          sts_serial|  13|    100000|     100|0.00096602|   WEAK   
          sts_serial|  14|    100000|     100|0.00000000|  FAILED  
          sts_serial|  14|    100000|     100|0.49123073|  PASSED  
          sts_serial|  15|    100000|     100|0.00000000|  FAILED  
          sts_serial|  15|    100000|     100|0.04070503|  PASSED  
          sts_serial|  16|    100000|     100|0.00000000|  FAILED  
          sts_serial|  16|    100000|     100|0.00000000|  FAILED  
         rgb_bitdist|   1|    100000|     100|0.00000000|  FAILED  
         rgb_bitdist|   2|    100000|     100|0.00000000|  FAILED  
         rgb_bitdist|   3|    100000|     100|0.00000000|  FAILED  
         rgb_bitdist|   4|    100000|     100|0.00000000|  FAILED  
         rgb_bitdist|   5|    100000|     100|0.00000000|  FAILED  
         rgb_bitdist|   6|    100000|     100|0.00000000|  FAILED  
         rgb_bitdist|   7|    100000|     100|0.00000000|  FAILED  
         rgb_bitdist|   8|    100000|     100|0.00000000|  FAILED  
         rgb_bitdist|   9|    100000|     100|0.00000000|  FAILED  
         rgb_bitdist|  10|    100000|     100|0.00000000|  FAILED  
         rgb_bitdist|  11|    100000|     100|0.00000000|  FAILED  
         rgb_bitdist|  12|    100000|     100|0.00000000|  FAILED  
rgb_minimum_distance|   2|     10000|    1000|0.36149393|  PASSED  
rgb_minimum_distance|   3|     10000|    1000|0.88238315|  PASSED  
rgb_minimum_distance|   4|     10000|    1000|0.09993533|  PASSED  
rgb_minimum_distance|   5|     10000|    1000|0.20064197|  PASSED  
    rgb_permutations|   2|    100000|     100|0.14885852|  PASSED  
    rgb_permutations|   3|    100000|     100|0.55460523|  PASSED  
    rgb_permutations|   4|    100000|     100|0.61445982|  PASSED  
    rgb_permutations|   5|    100000|     100|0.74209661|  PASSED  
      rgb_lagged_sum|   0|   1000000|     100|0.89732168|  PASSED  
      rgb_lagged_sum|   1|   1000000|     100|0.22203193|  PASSED  
      rgb_lagged_sum|   2|   1000000|     100|0.31752103|  PASSED  
      rgb_lagged_sum|   3|   1000000|     100|0.22322787|  PASSED  
      rgb_lagged_sum|   4|   1000000|     100|0.99823586|   WEAK   
      rgb_lagged_sum|   5|   1000000|     100|0.32204317|  PASSED  
      rgb_lagged_sum|   6|   1000000|     100|0.42590777|  PASSED  
      rgb_lagged_sum|   7|   1000000|     100|0.25546189|  PASSED  
      rgb_lagged_sum|   8|   1000000|     100|0.44440155|  PASSED  
      rgb_lagged_sum|   9|   1000000|     100|0.35003475|  PASSED  
      rgb_lagged_sum|  10|   1000000|     100|0.57569609|  PASSED  
      rgb_lagged_sum|  11|   1000000|     100|0.99854471|   WEAK   
      rgb_lagged_sum|  12|   1000000|     100|0.96305579|  PASSED  
      rgb_lagged_sum|  13|   1000000|     100|0.43564537|  PASSED  
      rgb_lagged_sum|  14|   1000000|     100|0.21455444|  PASSED  
      rgb_lagged_sum|  15|   1000000|     100|0.06030879|  PASSED  
      rgb_lagged_sum|  16|   1000000|     100|0.92826182|  PASSED  
      rgb_lagged_sum|  17|   1000000|     100|0.40598482|  PASSED  
      rgb_lagged_sum|  18|   1000000|     100|0.47407907|  PASSED  
      rgb_lagged_sum|  19|   1000000|     100|0.99070191|  PASSED  
      rgb_lagged_sum|  20|   1000000|     100|0.62860520|  PASSED  
      rgb_lagged_sum|  21|   1000000|     100|0.79840202|  PASSED  
      rgb_lagged_sum|  22|   1000000|     100|0.94928578|  PASSED  
      rgb_lagged_sum|  23|   1000000|     100|0.93775629|  PASSED  
      rgb_lagged_sum|  24|   1000000|     100|0.14884367|  PASSED  
      rgb_lagged_sum|  25|   1000000|     100|0.32671583|  PASSED  
      rgb_lagged_sum|  26|   1000000|     100|0.82212848|  PASSED  
      rgb_lagged_sum|  27|   1000000|     100|0.93230264|  PASSED  
      rgb_lagged_sum|  28|   1000000|     100|0.39607982|  PASSED  
      rgb_lagged_sum|  29|   1000000|     100|0.80857309|  PASSED  
      rgb_lagged_sum|  30|   1000000|     100|0.98352568|  PASSED  
      rgb_lagged_sum|  31|   1000000|     100|0.22001173|  PASSED  
      rgb_lagged_sum|  32|   1000000|     100|0.52311634|  PASSED  
     rgb_kstest_test|   0|     10000|    1000|0.01141911|  PASSED  
     dab_bytedistrib|   0|  51200000|       1|0.00000000|  FAILED  
             dab_dct| 256|     50000|       1|0.00000000|  FAILED  
Preparing to run test 207.  ntuple = 0
        dab_filltree|  32|  15000000|       1|0.00000000|  FAILED  
        dab_filltree|  32|  15000000|       1|0.00000000|  FAILED  
Preparing to run test 208.  ntuple = 0
       dab_filltree2|   0|   5000000|       1|0.00000000|  FAILED  
       dab_filltree2|   1|   5000000|       1|0.00000000|  FAILED  
Preparing to run test 209.  ntuple = 0
        dab_monobit2|  12|  65000000|       1|1.00000000|  FAILED  
Preparing to run test 210.  ntuple = 0
